[0m[[0m[0mdebug[0m] [0m[0m> Exec(reload, None, None)[0m
[0m[[0m[0mdebug[0m] [0m[0m> Exec(sbtStashOnFailure, None, None)[0m
[0m[[0m[0mdebug[0m] [0m[0m> Exec(onFailure loadFailed, None, None)[0m
[0m[[0m[0mdebug[0m] [0m[0m> Exec(loadp, None, None)[0m
[0m[[0m[0minfo[0m] [0m[0mwelcome to sbt 1.10.1 (Eclipse Adoptium Java 11.0.24)[0m
[0m[[0m[0mdebug[0m] [0m[0m                  Load.defaultLoad until apply took 1.6741ms[0m
[0m[[0m[0mdebug[0m] [0m[0m                            Load.loadUnit: plugins took 12.7689ms[0m
[0m[[0m[0mdebug[0m] [0m[0m                            Load.loadUnit: defsScala took 0.0111ms[0m
[0m[[0m[0mdebug[0m] [0m[0m[Loading] Scanning directory C:\Users\poseidon\OneDrive - epfl.ch\Desktop\test\332project\Project Code\project[0m
[0m[[0m[0mdebug[0m] [0m[0m[Loading] Found non-root projects [0m
[0m[[0m[0mdebug[0m] [0m[0m[Loading] Done in C:\Users\poseidon\OneDrive - epfl.ch\Desktop\test\332project\Project Code\project, returning: ()[0m
[0m[[0m[0mdebug[0m] [0m[0mdeducing auto plugins based on known facts Set(Atom(sbt.plugins.CorePlugin)) and clauses Clauses(Clause(Atom(sbt.plugins.JvmPlugin),Set(Atom(sbt.plugins.IvyPlugin)))[0m
[0m[[0m[0mdebug[0m] [0m[0mClause(Atom(sbt.ScriptedPlugin),Set(Atom(sbt.plugins.JvmPlugin)))[0m
[0m[[0m[0mdebug[0m] [0m[0mClause(Atom(sbt.plugins.SbtPlugin),Set(Atom(sbt.ScriptedPlugin)))[0m
[0m[[0m[0mdebug[0m] [0m[0mClause(Atom(sbt.plugins.SemanticdbPlugin),Set(Atom(sbt.plugins.JvmPlugin)))[0m
[0m[[0m[0mdebug[0m] [0m[0mClause(Atom(sbt.plugins.JUnitXmlReportPlugin),Set(Atom(sbt.plugins.JvmPlugin)))[0m
[0m[[0m[0mdebug[0m] [0m[0mClause(Atom(sbt.plugins.MiniDependencyTreePlugin),Set(Atom(sbt.plugins.JvmPlugin)))[0m
[0m[[0m[0mdebug[0m] [0m[0mClause(Atom(sbt.plugins.CorePlugin),Set(Atom(sbt.plugins.IvyPlugin)))[0m
[0m[[0m[0mdebug[0m] [0m[0mClause(Atom(sbt.plugins.IvyPlugin),Set(Atom(sbt.plugins.JvmPlugin)))[0m
[0m[[0m[0mdebug[0m] [0m[0mClause(Atom(sbt.plugins.JvmPlugin),Set(Atom(sbt.plugins.SemanticdbPlugin)))[0m
[0m[[0m[0mdebug[0m] [0m[0mClause(Atom(sbt.plugins.JvmPlugin),Set(Atom(sbt.plugins.JUnitXmlReportPlugin)))[0m
[0m[[0m[0mdebug[0m] [0m[0mClause(Atom(sbt.plugins.CorePlugin),Set(Atom(sbt.plugins.Giter8TemplatePlugin)))[0m
[0m[[0m[0mdebug[0m] [0m[0mClause(Atom(sbt.plugins.JvmPlugin),Set(Atom(sbt.plugins.MiniDependencyTreePlugin))))[0m
[0m[[0m[0mdebug[0m] [0m[0m  :: deduced result: Matched(sbt.plugins.CorePlugin,sbt.plugins.Giter8TemplatePlugin,sbt.plugins.IvyPlugin,sbt.plugins.JvmPlugin,sbt.plugins.MiniDependencyTreePlugin,sbt.plugins.JUnitXmlReportPlugin,sbt.plugins.SemanticdbPlugin)[0m
[0m[[0m[0mdebug[0m] [0m[0mPlugins.deducer#function took 0.7926 ms[0m
[0m[[0m[0mdebug[0m] [0m[0m                                Load.resolveProject(project-code-build) took 1.4364ms[0m
[0m[[0m[0mdebug[0m] [0m[0m                              Load.loadTransitive: finalizeProject(Project(id project-code-build, base: C:\Users\poseidon\OneDrive - epfl.ch\Desktop\test\332project\Project Code\project, plugins: List(<none>))) took 2.5859ms[0m
[0m[[0m[0mdebug[0m] [0m[0m[Loading] Done in C:\Users\poseidon\OneDrive - epfl.ch\Desktop\test\332project\Project Code\project, returning: (project-code-build)[0m
[0m[[0m[0mdebug[0m] [0m[0m                            Load.loadUnit: loadedProjectsRaw took 3.720799ms[0m
[0m[[0m[0mdebug[0m] [0m[0m                            Load.loadUnit: cleanEvalClasses took 0.007701ms[0m
[0m[[0m[0mdebug[0m] [0m[0m                          Load.loadUnit(file:/C:/Users/poseidon/OneDrive%20-%20epfl.ch/Desktop/test/332project/Project%20Code/project/, ...) took 22.0387ms[0m
[0m[[0m[0mdebug[0m] [0m[0m                        Load.apply: load took 23.262099ms[0m
[0m[[0m[0mdebug[0m] [0m[0m                        Load.apply: resolveProjects took 0.1414ms[0m
[0m[[0m[0mdebug[0m] [0m[0m                        Load.apply: finalTransforms took 6.3615ms[0m
[0m[[0m[0mdebug[0m] [0m[0m                        Load.apply: config.delegates took 0.2886ms[0m
[0m[[0m[0mdebug[0m] [0m[0m                        Load.apply: Def.make(settings)... took 47.671099ms[0m
[0m[[0m[0mdebug[0m] [0m[0m                        Load.apply: structureIndex took 18.7917ms[0m
[0m[[0m[0mdebug[0m] [0m[0m                        Load.apply: mkStreams took 0.0024ms[0m
[0m[[0m[0minfo[0m] [0m[0mloading project definition from C:\Users\poseidon\OneDrive - epfl.ch\Desktop\test\332project\Project Code\project[0m
[0m[[0m[0mdebug[0m] [0m[0mRunning task... Cancel: Signal, check cycles: false, forcegc: true[0m
[0m[[0m[0mdebug[0m] [0m[0m                      Load.loadUnit: plugins took 195.2736ms[0m
[0m[[0m[0mdebug[0m] [0m[0m                      Load.loadUnit: defsScala took 0.001601ms[0m
[0m[[0m[0mdebug[0m] [0m[0m[Loading] Scanning directory C:\Users\poseidon\OneDrive - epfl.ch\Desktop\test\332project\Project Code[0m
[0m[[0m[0mdebug[0m] [0m[0m                        Load.loadUnit: mkEval took 0.2645ms[0m
[0m[[0m[31merror[0m] [0m[0mType error in expression[0m
[0m[[0m[0mdebug[0m] [0m[0m> Exec(loadFailed, None, None)[0m
[0m[[0m[33mwarn[0m] [0m[0mProject loading failed: (r)etry, (q)uit, (l)ast, or (i)gnore? (default: r)[0m
