[0m[[0m[0mdebug[0m] [0m[0m> Exec(early(addDefaultCommands), None, None)[0m
[0m[[0m[0mdebug[0m] [0m[0m> Exec(addDefaultCommands, None, None)[0m
[0m[[0m[0mdebug[0m] [0m[0m> Exec(early(initialize), None, None)[0m
[0m[[0m[0mdebug[0m] [0m[0m> Exec(initialize, None, None)[0m
[0m[[0m[0mdebug[0m] [0m[0m> Exec(boot, None, None)[0m
[0m[[0m[0mdebug[0m] [0m[0m> Exec(writeSbtVersion, None, None)[0m
[0m[[0m[0mdebug[0m] [0m[0m> Exec(reload, None, None)[0m
[0m[[0m[0mdebug[0m] [0m[0m> Exec(sbtStashOnFailure, None, None)[0m
[0m[[0m[0mdebug[0m] [0m[0m> Exec(onFailure loadFailed, None, None)[0m
[0m[[0m[0mdebug[0m] [0m[0m> Exec(loadp, None, None)[0m
[0m[[0m[0minfo[0m] [0m[0mwelcome to sbt 1.10.1 (Eclipse Adoptium Java 11.0.24)[0m
[0m[[0m[0mdebug[0m] [0m[0mLoad.defaultLoad until apply took 137.6043ms[0m
[0m[[0m[0mdebug[0m] [0m[0m          Load.loadUnit: plugins took 76.7236ms[0m
[0m[[0m[0mdebug[0m] [0m[0m          Load.loadUnit: defsScala took 0.2603ms[0m
[0m[[0m[0mdebug[0m] [0m[0m[Loading] Scanning directory C:\Users\poseidon\OneDrive - epfl.ch\Desktop\test\332project\Project Code\project[0m
[0m[[0m[0mdebug[0m] [0m[0m[Loading] Found non-root projects [0m
[0m[[0m[0mdebug[0m] [0m[0m[Loading] Done in C:\Users\poseidon\OneDrive - epfl.ch\Desktop\test\332project\Project Code\project, returning: ()[0m
[0m[[0m[0mdebug[0m] [0m[0mdeducing auto plugins based on known facts Set(Atom(sbt.plugins.CorePlugin)) and clauses Clauses(Clause(Atom(sbt.plugins.JvmPlugin),Set(Atom(sbt.plugins.IvyPlugin)))[0m
[0m[[0m[0mdebug[0m] [0m[0mClause(Atom(sbt.ScriptedPlugin),Set(Atom(sbt.plugins.JvmPlugin)))[0m
[0m[[0m[0mdebug[0m] [0m[0mClause(Atom(sbt.plugins.SbtPlugin),Set(Atom(sbt.ScriptedPlugin)))[0m
[0m[[0m[0mdebug[0m] [0m[0mClause(Atom(sbt.plugins.SemanticdbPlugin),Set(Atom(sbt.plugins.JvmPlugin)))[0m
[0m[[0m[0mdebug[0m] [0m[0mClause(Atom(sbt.plugins.JUnitXmlReportPlugin),Set(Atom(sbt.plugins.JvmPlugin)))[0m
[0m[[0m[0mdebug[0m] [0m[0mClause(Atom(sbt.plugins.MiniDependencyTreePlugin),Set(Atom(sbt.plugins.JvmPlugin)))[0m
[0m[[0m[0mdebug[0m] [0m[0mClause(Atom(sbt.plugins.CorePlugin),Set(Atom(sbt.plugins.IvyPlugin)))[0m
[0m[[0m[0mdebug[0m] [0m[0mClause(Atom(sbt.plugins.IvyPlugin),Set(Atom(sbt.plugins.JvmPlugin)))[0m
[0m[[0m[0mdebug[0m] [0m[0mClause(Atom(sbt.plugins.JvmPlugin),Set(Atom(sbt.plugins.SemanticdbPlugin)))[0m
[0m[[0m[0mdebug[0m] [0m[0mClause(Atom(sbt.plugins.JvmPlugin),Set(Atom(sbt.plugins.JUnitXmlReportPlugin)))[0m
[0m[[0m[0mdebug[0m] [0m[0mClause(Atom(sbt.plugins.CorePlugin),Set(Atom(sbt.plugins.Giter8TemplatePlugin)))[0m
[0m[[0m[0mdebug[0m] [0m[0mClause(Atom(sbt.plugins.JvmPlugin),Set(Atom(sbt.plugins.MiniDependencyTreePlugin))))[0m
[0m[[0m[0mdebug[0m] [0m[0m  :: deduced result: Matched(sbt.plugins.CorePlugin,sbt.plugins.Giter8TemplatePlugin,sbt.plugins.IvyPlugin,sbt.plugins.JvmPlugin,sbt.plugins.MiniDependencyTreePlugin,sbt.plugins.JUnitXmlReportPlugin,sbt.plugins.SemanticdbPlugin)[0m
[0m[[0m[0mdebug[0m] [0m[0mPlugins.deducer#function took 14.3855 ms[0m
[0m[[0m[0mdebug[0m] [0m[0m              Load.resolveProject(project-code-build) took 46.5678ms[0m
[0m[[0m[0mdebug[0m] [0m[0m            Load.loadTransitive: finalizeProject(Project(id project-code-build, base: C:\Users\poseidon\OneDrive - epfl.ch\Desktop\test\332project\Project Code\project, plugins: List(<none>))) took 84.4502ms[0m
[0m[[0m[0mdebug[0m] [0m[0m[Loading] Done in C:\Users\poseidon\OneDrive - epfl.ch\Desktop\test\332project\Project Code\project, returning: (project-code-build)[0m
[0m[[0m[0mdebug[0m] [0m[0m          Load.loadUnit: loadedProjectsRaw took 101.6047ms[0m
[0m[[0m[0mdebug[0m] [0m[0m          Load.loadUnit: cleanEvalClasses took 0.1664ms[0m
[0m[[0m[0mdebug[0m] [0m[0m        Load.loadUnit(file:/C:/Users/poseidon/OneDrive%20-%20epfl.ch/Desktop/test/332project/Project%20Code/project/, ...) took 183.3107ms[0m
[0m[[0m[0mdebug[0m] [0m[0m      Load.apply: load took 391.5411ms[0m
[0m[[0m[0mdebug[0m] [0m[0m      Load.apply: resolveProjects took 8.6765ms[0m
[0m[[0m[0mdebug[0m] [0m[0m      Load.apply: finalTransforms took 74.9118ms[0m
[0m[[0m[0mdebug[0m] [0m[0m      Load.apply: config.delegates took 12.7504ms[0m
[0m[[0m[0mdebug[0m] [0m[0m      Load.apply: Def.make(settings)... took 446.7426ms[0m
[0m[[0m[0mdebug[0m] [0m[0m      Load.apply: structureIndex took 109.2447ms[0m
[0m[[0m[0mdebug[0m] [0m[0m      Load.apply: mkStreams took 1.5593ms[0m
[0m[[0m[0minfo[0m] [0m[0mloading project definition from C:\Users\poseidon\OneDrive - epfl.ch\Desktop\test\332project\Project Code\project[0m
[0m[[0m[0mdebug[0m] [0m[0mRunning task... Cancel: Signal, check cycles: false, forcegc: true[0m
[0m[[0m[0mdebug[0m] [0m[0m    Load.loadUnit: plugins took 1954.6809ms[0m
[0m[[0m[0mdebug[0m] [0m[0m    Load.loadUnit: defsScala took 0.0025ms[0m
[0m[[0m[0mdebug[0m] [0m[0m[Loading] Scanning directory C:\Users\poseidon\OneDrive - epfl.ch\Desktop\test\332project\Project Code[0m
[0m[[0m[0mdebug[0m] [0m[0m      Load.loadUnit: mkEval took 6.1191ms[0m
[0m[[0m[31merror[0m] [0m[0mType error in expression[0m
[0m[[0m[0mdebug[0m] [0m[0m> Exec(loadFailed, None, None)[0m
[0m[[0m[33mwarn[0m] [0m[0mProject loading failed: (r)etry, (q)uit, (l)ast, or (i)gnore? (default: r)[0m
